\BOOKMARK [-1][]{thuchapter.1.-1}{\376\377\127\372\116\216\155\361\136\246\133\146\116\140\166\204\131\032\144\104\120\317\131\064\210\114\116\272\117\115\177\156\117\060\213\241\173\227\154\325\170\024\172\166}{}% 1
\BOOKMARK [0][]{thuchapter.2.0}{\376\377\121\163\116\216\133\146\117\115\213\272\145\207\117\177\165\050\143\210\147\103\166\204\213\364\146\016}{thuchapter.1.-1}% 2
\BOOKMARK [0][]{thuchapter.3.0}{\376\377\116\055\145\207\144\130\211\201}{thuchapter.1.-1}% 3
\BOOKMARK [0][]{thuchapter.4.0}{\376\377\000A\000B\000S\000T\000R\000A\000C\000T}{thuchapter.1.-1}% 4
\BOOKMARK [0][]{thuchapter.5.0}{\376\377\166\356\137\125}{thuchapter.1.-1}% 5
\BOOKMARK [0][]{thuchapter.6.0}{\376\377\116\073\211\201\173\046\123\367\210\150}{thuchapter.1.-1}% 6
\BOOKMARK [0][]{chapter.1}{\376\377\173\054\0001\172\340\000\040\137\025\212\000}{thuchapter.1.-1}% 7
\BOOKMARK [1][-]{section.1.1}{\376\377\0001\000.\0001\000\040\225\356\230\230\143\317\217\360}{chapter.1}% 8
\BOOKMARK [1][-]{section.1.2}{\376\377\0001\000.\0002\000\040\213\376\230\230\170\024\172\166\200\314\146\157\123\312\141\017\116\111}{chapter.1}% 9
\BOOKMARK [1][-]{section.1.3}{\376\377\0001\000.\0003\000\040\170\024\172\166\200\314\146\157\116\016\163\260\162\266}{chapter.1}% 10
\BOOKMARK [2][-]{subsection.1.3.1}{\376\377\0001\000.\0003\000.\0001\000\040\123\125\166\356\210\114\116\272\150\300\155\113\173\227\154\325}{section.1.3}% 11
\BOOKMARK [2][-]{subsection.1.3.2}{\376\377\0001\000.\0003\000.\0002\000\040\210\114\116\272\221\315\213\306\122\053\173\227\154\325}{section.1.3}% 12
\BOOKMARK [2][-]{subsection.1.3.3}{\376\377\0001\000.\0003\000.\0003\000\040\131\032\144\104\120\317\131\064\210\114\116\272\117\115\177\156\117\060\213\241\173\227\154\325}{section.1.3}% 13
\BOOKMARK [1][-]{section.1.4}{\376\377\0001\000.\0004\000\040\213\272\145\207\176\323\147\204\133\211\143\222}{chapter.1}% 14
\BOOKMARK [0][]{chapter.2}{\376\377\173\054\0002\172\340\000\040\210\114\116\272\150\300\155\113\116\016\232\330\145\257\151\202\163\207\122\006\136\003\136\372\152\041}{thuchapter.1.-1}% 15
\BOOKMARK [1][-]{section.2.1}{\376\377\0002\000.\0001\000\040\145\160\143\156\226\306\142\151\121\105\124\214\230\204\131\004\164\006}{chapter.2}% 16
\BOOKMARK [1][-]{section.2.2}{\376\377\0002\000.\0002\000\040\210\114\116\272\150\300\155\113\173\227\154\325}{chapter.2}% 17
\BOOKMARK [1][-]{section.2.3}{\376\377\0002\000.\0003\000\040\166\370\147\072\142\225\137\161\123\237\164\006}{chapter.2}% 18
\BOOKMARK [1][-]{section.2.4}{\376\377\0002\000.\0004\000\040\232\330\145\257\151\202\163\207\122\006\136\003\136\372\152\041}{chapter.2}% 19
\BOOKMARK [1][-]{section.2.5}{\376\377\0002\000.\0005\000\040\147\054\172\340\134\017\176\323}{chapter.2}% 20
\BOOKMARK [0][]{chapter.3}{\376\377\173\054\0003\172\340\000\040\145\160\143\156\121\306\131\007\116\016\155\361\136\246\133\146\116\140\145\271\154\325\147\204\136\372}{thuchapter.1.-1}% 21
\BOOKMARK [1][-]{section.3.1}{\376\377\0003\000.\0001\000\040\134\102\153\041\200\132\174\173\145\271\154\325}{chapter.3}% 22
\BOOKMARK [1][-]{section.3.2}{\376\377\0003\000.\0002\000\040\155\361\136\246\133\146\116\140\145\160\143\156\121\306\131\007}{chapter.3}% 23
\BOOKMARK [1][-]{section.3.3}{\376\377\0003\000.\0003\000\040\155\361\136\246\133\146\116\140\171\136\176\317\177\121\176\334}{chapter.3}% 24
\BOOKMARK [2][-]{subsection.3.3.1}{\376\377\0003\000.\0003\000.\0001\000\040\171\136\176\317\177\121\176\334\220\011\142\351}{section.3.3}% 25
\BOOKMARK [2][-]{subsection.3.3.2}{\376\377\0003\000.\0003\000.\0002\000\040\171\136\176\317\177\121\176\334\176\323\147\204}{section.3.3}% 26
\BOOKMARK [2][-]{subsection.3.3.3}{\376\377\0003\000.\0003\000.\0003\000\040\143\137\131\061\121\375\145\160}{section.3.3}% 27
\BOOKMARK [1][-]{section.3.4}{\376\377\0003\000.\0004\000\040\147\054\172\340\134\017\176\323}{chapter.3}% 28
\BOOKMARK [0][]{chapter.4}{\376\377\173\054\0004\172\340\000\040\213\304\116\367\143\007\150\007\116\016\133\236\232\214\176\323\147\234}{thuchapter.1.-1}% 29
\BOOKMARK [1][-]{section.4.1}{\376\377\0004\000.\0001\000\040\213\304\116\367\143\007\150\007}{chapter.4}% 30
\BOOKMARK [1][-]{section.4.2}{\376\377\0004\000.\0002\000\040\133\236\232\214\213\276\177\156\124\214\176\323\147\234\122\006\147\220}{chapter.4}% 31
\BOOKMARK [1][-]{section.4.3}{\376\377\0004\000.\0003\000\040\147\054\172\340\134\017\176\323}{chapter.4}% 32
\BOOKMARK [0][]{chapter.5}{\376\377\173\054\0005\172\340\000\040\176\323\213\272\116\016\134\125\147\033}{thuchapter.1.-1}% 33
\BOOKMARK [1][-]{section.5.1}{\376\377\0005\000.\0001\000\040\176\323\213\272}{chapter.5}% 34
\BOOKMARK [1][-]{section.5.2}{\376\377\0005\000.\0002\000\040\134\125\147\033}{chapter.5}% 35
\BOOKMARK [0][]{section*.23}{\376\377\123\302\200\003\145\207\163\056}{thuchapter.1.-1}% 36
\BOOKMARK [0][]{section*.25}{\376\377\201\364\214\042}{thuchapter.1.-1}% 37
\BOOKMARK [0][]{section*.27}{\376\377\130\360\146\016}{thuchapter.1.-1}% 38
